# JRE version: OpenJDK Runtime Environment OpenLogic-OpenJDK (17.0.9+9) (build 17.0.9+9-adhoc..jdk17u)
# Java VM: OpenJDK 64-Bit Server VM OpenLogic-OpenJDK (17.0.9+9-adhoc..jdk17u, mixed mode, sharing, tiered, compressed oops, compressed class ptrs, g1 gc, windows-amd64)
GC Precious Log:
 CPUs: 4 total, 4 available
 Memory: 8102M
 Large Page Support: Disabled
 NUMA Support: Disabled
 Compressed Oops: Enabled (32-bit)
 Heap Region Size: 1M
 Heap Min Capacity: 8M
 Heap Initial Capacity: 128M
 Heap Max Capacity: 2G
 Pre-touch: Disabled
 Parallel Workers: 4
 Concurrent Workers: 1
 Concurrent Refinement Workers: 4
 Periodic GC: Disabled
Heap:
 garbage-first heap   total 450560K, used 196919K [0x0000000080000000, 0x0000000100000000)
  region size 1024K, 5 young (5120K), 5 survivors (5120K)
 Metaspace       used 163296K, committed 164608K, reserved 622592K
  class space    used 21644K, committed 22272K, reserved 425984K
GC Heap History (20 events):
Event: 1304.011 GC heap after
{Heap after GC invocations=109 (full 0):
 garbage-first heap   total 424960K, used 200776K [0x0000000080000000, 0x0000000100000000)
  region size 1024K, 1 young (1024K), 1 survivors (1024K)
 Metaspace       used 163255K, committed 164544K, reserved 622592K
  class space    used 21642K, committed 22272K, reserved 425984K
}
Event: 1305.990 GC heap before
{Heap before GC invocations=109 (full 0):
 garbage-first heap   total 424960K, used 359496K [0x0000000080000000, 0x0000000100000000)
  region size 1024K, 157 young (160768K), 1 survivors (1024K)
 Metaspace       used 163283K, committed 164544K, reserved 622592K
  class space    used 21643K, committed 22272K, reserved 425984K
}
Event: 1305.994 GC heap after
{Heap after GC invocations=110 (full 0):
 garbage-first heap   total 424960K, used 201586K [0x0000000080000000, 0x0000000100000000)
  region size 1024K, 2 young (2048K), 2 survivors (2048K)
 Metaspace       used 163283K, committed 164544K, reserved 622592K
  class space    used 21643K, committed 22272K, reserved 425984K
}
Event: 1307.403 GC heap before
{Heap before GC invocations=111 (full 0):
 garbage-first heap   total 424960K, used 363378K [0x0000000080000000, 0x0000000100000000)
  region size 1024K, 160 young (163840K), 2 survivors (2048K)
 Metaspace       used 163287K, committed 164608K, reserved 622592K
  class space    used 21644K, committed 22272K, reserved 425984K
}
Event: 1307.408 GC heap after
{Heap after GC invocations=112 (full 0):
 garbage-first heap   total 424960K, used 202505K [0x0000000080000000, 0x0000000100000000)
  region size 1024K, 3 young (3072K), 3 survivors (3072K)
 Metaspace       used 163287K, committed 164608K, reserved 622592K
  class space    used 21644K, committed 22272K, reserved 425984K
}
Event: 1307.495 GC heap before
{Heap before GC invocations=112 (full 0):
 garbage-first heap   total 424960K, used 218889K [0x0000000080000000, 0x0000000100000000)
  region size 1024K, 20 young (20480K), 3 survivors (3072K)
 Metaspace       used 163287K, committed 164608K, reserved 622592K
  class space    used 21644K, committed 22272K, reserved 425984K
}
Event: 1307.507 GC heap after
{Heap after GC invocations=113 (full 0):
 garbage-first heap   total 424960K, used 198603K [0x0000000080000000, 0x0000000100000000)
  region size 1024K, 2 young (2048K), 2 survivors (2048K)
 Metaspace       used 163287K, committed 164608K, reserved 622592K
  class space    used 21644K, committed 22272K, reserved 425984K
}
Event: 1308.353 GC heap before
{Heap before GC invocations=113 (full 0):
 garbage-first heap   total 424960K, used 366539K [0x0000000080000000, 0x0000000100000000)
  region size 1024K, 166 young (169984K), 2 survivors (2048K)
 Metaspace       used 163288K, committed 164608K, reserved 622592K
  class space    used 21644K, committed 22272K, reserved 425984K
}
Event: 1308.361 GC heap after
{Heap after GC invocations=114 (full 0):
 garbage-first heap   total 424960K, used 199824K [0x0000000080000000, 0x0000000100000000)
  region size 1024K, 3 young (3072K), 3 survivors (3072K)
 Metaspace       used 163288K, committed 164608K, reserved 622592K
  class space    used 21644K, committed 22272K, reserved 425984K
}
Event: 1309.685 GC heap before
{Heap before GC invocations=115 (full 0):
 garbage-first heap   total 424960K, used 369808K [0x0000000080000000, 0x0000000100000000)
  region size 1024K, 168 young (172032K), 3 survivors (3072K)
 Metaspace       used 163294K, committed 164608K, reserved 622592K
  class space    used 21644K, committed 22272K, reserved 425984K
}
Event: 1309.689 GC heap after
{Heap after GC invocations=116 (full 0):
 garbage-first heap   total 424960K, used 198560K [0x0000000080000000, 0x0000000100000000)
  region size 1024K, 2 young (2048K), 2 survivors (2048K)
 Metaspace       used 163294K, committed 164608K, reserved 622592K
  class space    used 21644K, committed 22272K, reserved 425984K
}
Event: 1309.751 GC heap before
{Heap before GC invocations=116 (full 0):
 garbage-first heap   total 424960K, used 215968K [0x0000000080000000, 0x0000000100000000)
  region size 1024K, 20 young (20480K), 2 survivors (2048K)
 Metaspace       used 163294K, committed 164608K, reserved 622592K
  class space    used 21644K, committed 22272K, reserved 425984K
}
Event: 1309.762 GC heap after
{Heap after GC invocations=117 (full 0):
 garbage-first heap   total 424960K, used 195548K [0x0000000080000000, 0x0000000100000000)
  region size 1024K, 2 young (2048K), 2 survivors (2048K)
 Metaspace       used 163294K, committed 164608K, reserved 622592K
  class space    used 21644K, committed 22272K, reserved 425984K
}
Event: 1311.147 GC heap before
{Heap before GC invocations=117 (full 0):
 garbage-first heap   total 424960K, used 370652K [0x0000000080000000, 0x0000000100000000)
  region size 1024K, 173 young (177152K), 2 survivors (2048K)
 Metaspace       used 163296K, committed 164608K, reserved 622592K
  class space    used 21644K, committed 22272K, reserved 425984K
}
Event: 1311.152 GC heap after
{Heap after GC invocations=118 (full 0):
 garbage-first heap   total 424960K, used 195915K [0x0000000080000000, 0x0000000100000000)
  region size 1024K, 2 young (2048K), 2 survivors (2048K)
 Metaspace       used 163296K, committed 164608K, reserved 622592K
  class space    used 21644K, committed 22272K, reserved 425984K
}
Event: 1312.669 GC heap before
{Heap before GC invocations=119 (full 0):
 garbage-first heap   total 450560K, used 372043K [0x0000000080000000, 0x0000000100000000)
  region size 1024K, 174 young (178176K), 2 survivors (2048K)
 Metaspace       used 163296K, committed 164608K, reserved 622592K
  class space    used 21644K, committed 22272K, reserved 425984K
}
Event: 1312.674 GC heap after
{Heap after GC invocations=120 (full 0):
 garbage-first heap   total 450560K, used 196320K [0x0000000080000000, 0x0000000100000000)
  region size 1024K, 2 young (2048K), 2 survivors (2048K)
 Metaspace       used 163296K, committed 164608K, reserved 622592K
  class space    used 21644K, committed 22272K, reserved 425984K
}
Event: 1312.834 GC heap before
{Heap before GC invocations=120 (full 0):
 garbage-first heap   total 450560K, used 216800K [0x0000000080000000, 0x0000000100000000)
  region size 1024K, 22 young (22528K), 2 survivors (2048K)
 Metaspace       used 163296K, committed 164608K, reserved 622592K
  class space    used 21644K, committed 22272K, reserved 425984K
}
Event: 1312.845 GC heap after
{Heap after GC invocations=121 (full 0):
 garbage-first heap   total 450560K, used 193681K [0x0000000080000000, 0x0000000100000000)
  region size 1024K, 2 young (2048K), 2 survivors (2048K)
 Metaspace       used 163296K, committed 164608K, reserved 622592K
  class space    used 21644K, committed 22272K, reserved 425984K
}
Event: 1313.289 GC heap before
{Heap before GC invocations=121 (full 0):
 garbage-first heap   total 450560K, used 278673K [0x0000000080000000, 0x0000000100000000)
  region size 1024K, 87 young (89088K), 2 survivors (2048K)
 Metaspace       used 163296K, committed 164608K, reserved 622592K
  class space    used 21644K, committed 22272K, reserved 425984K
}

