# JRE version: OpenJDK Runtime Environment OpenLogic-OpenJDK (17.0.9+9) (build 17.0.9+9-adhoc..jdk17u)
# Java VM: OpenJDK 64-Bit Server VM OpenLogic-OpenJDK (17.0.9+9-adhoc..jdk17u, mixed mode, sharing, tiered, compressed oops, compressed class ptrs, g1 gc, windows-amd64)
GC Precious Log:
 CPUs: 4 total, 4 available
 Memory: 8102M
 Large Page Support: Disabled
 NUMA Support: Disabled
 Compressed Oops: Enabled (32-bit)
 Heap Region Size: 1M
 Heap Min Capacity: 8M
 Heap Initial Capacity: 128M
 Heap Max Capacity: 2G
 Pre-touch: Disabled
 Parallel Workers: 4
 Concurrent Workers: 1
 Concurrent Refinement Workers: 4
 Periodic GC: Disabled
Heap:
 garbage-first heap   total 130048K, used 98744K [0x0000000080000000, 0x0000000100000000)
  region size 1024K, 25 young (25600K), 4 survivors (4096K)
 Metaspace       used 67853K, committed 68480K, reserved 491520K
  class space    used 9537K, committed 9856K, reserved 425984K
GC Heap History (20 events):
Event: 20.386 GC heap before
{Heap before GC invocations=17 (full 0):
 garbage-first heap   total 87040K, used 71787K [0x0000000080000000, 0x0000000100000000)
  region size 1024K, 28 young (28672K), 3 survivors (3072K)
 Metaspace       used 49111K, committed 49728K, reserved 491520K
  class space    used 6895K, committed 7168K, reserved 425984K
}
Event: 20.395 GC heap after
{Heap after GC invocations=18 (full 0):
 garbage-first heap   total 87040K, used 50180K [0x0000000080000000, 0x0000000100000000)
  region size 1024K, 4 young (4096K), 4 survivors (4096K)
 Metaspace       used 49111K, committed 49728K, reserved 491520K
  class space    used 6895K, committed 7168K, reserved 425984K
}
Event: 20.891 GC heap before
{Heap before GC invocations=18 (full 0):
 garbage-first heap   total 87040K, used 70660K [0x0000000080000000, 0x0000000100000000)
  region size 1024K, 24 young (24576K), 4 survivors (4096K)
 Metaspace       used 51036K, committed 51648K, reserved 491520K
  class space    used 7212K, committed 7488K, reserved 425984K
}
Event: 20.900 GC heap after
{Heap after GC invocations=19 (full 0):
 garbage-first heap   total 87040K, used 51015K [0x0000000080000000, 0x0000000100000000)
  region size 1024K, 1 young (1024K), 1 survivors (1024K)
 Metaspace       used 51036K, committed 51648K, reserved 491520K
  class space    used 7212K, committed 7488K, reserved 425984K
}
Event: 21.155 GC heap before
{Heap before GC invocations=20 (full 0):
 garbage-first heap   total 92160K, used 59207K [0x0000000080000000, 0x0000000100000000)
  region size 1024K, 10 young (10240K), 1 survivors (1024K)
 Metaspace       used 51849K, committed 52480K, reserved 491520K
  class space    used 7355K, committed 7680K, reserved 425984K
}
Event: 21.159 GC heap after
{Heap after GC invocations=21 (full 0):
 garbage-first heap   total 110592K, used 51369K [0x0000000080000000, 0x0000000100000000)
  region size 1024K, 2 young (2048K), 2 survivors (2048K)
 Metaspace       used 51849K, committed 52480K, reserved 491520K
  class space    used 7355K, committed 7680K, reserved 425984K
}
Event: 22.059 GC heap before
{Heap before GC invocations=22 (full 0):
 garbage-first heap   total 110592K, used 95401K [0x0000000080000000, 0x0000000100000000)
  region size 1024K, 41 young (41984K), 2 survivors (2048K)
 Metaspace       used 54807K, committed 55488K, reserved 491520K
  class space    used 7749K, committed 8064K, reserved 425984K
}
Event: 22.065 GC heap after
{Heap after GC invocations=23 (full 0):
 garbage-first heap   total 110592K, used 57308K [0x0000000080000000, 0x0000000100000000)
  region size 1024K, 4 young (4096K), 4 survivors (4096K)
 Metaspace       used 54807K, committed 55488K, reserved 491520K
  class space    used 7749K, committed 8064K, reserved 425984K
}
Event: 22.664 GC heap before
{Heap before GC invocations=23 (full 0):
 garbage-first heap   total 110592K, used 91100K [0x0000000080000000, 0x0000000100000000)
  region size 1024K, 38 young (38912K), 4 survivors (4096K)
 Metaspace       used 58418K, committed 59072K, reserved 491520K
  class space    used 8217K, committed 8576K, reserved 425984K
}
Event: 22.672 GC heap after
{Heap after GC invocations=24 (full 0):
 garbage-first heap   total 110592K, used 58982K [0x0000000080000000, 0x0000000100000000)
  region size 1024K, 4 young (4096K), 4 survivors (4096K)
 Metaspace       used 58418K, committed 59072K, reserved 491520K
  class space    used 8217K, committed 8576K, reserved 425984K
}
Event: 23.363 GC heap before
{Heap before GC invocations=25 (full 0):
 garbage-first heap   total 110592K, used 91750K [0x0000000080000000, 0x0000000100000000)
  region size 1024K, 37 young (37888K), 4 survivors (4096K)
 Metaspace       used 60397K, committed 61056K, reserved 491520K
  class space    used 8528K, committed 8832K, reserved 425984K
}
Event: 23.374 GC heap after
{Heap after GC invocations=26 (full 0):
 garbage-first heap   total 110592K, used 61325K [0x0000000080000000, 0x0000000100000000)
  region size 1024K, 4 young (4096K), 4 survivors (4096K)
 Metaspace       used 60397K, committed 61056K, reserved 491520K
  class space    used 8528K, committed 8832K, reserved 425984K
}
Event: 24.284 GC heap before
{Heap before GC invocations=26 (full 0):
 garbage-first heap   total 110592K, used 92045K [0x0000000080000000, 0x0000000100000000)
  region size 1024K, 34 young (34816K), 4 survivors (4096K)
 Metaspace       used 62315K, committed 62976K, reserved 491520K
  class space    used 8803K, committed 9152K, reserved 425984K
}
Event: 24.296 GC heap after
{Heap after GC invocations=27 (full 0):
 garbage-first heap   total 110592K, used 64275K [0x0000000080000000, 0x0000000100000000)
  region size 1024K, 5 young (5120K), 5 survivors (5120K)
 Metaspace       used 62315K, committed 62976K, reserved 491520K
  class space    used 8803K, committed 9152K, reserved 425984K
}
Event: 25.306 GC heap before
{Heap before GC invocations=28 (full 0):
 garbage-first heap   total 114688K, used 90899K [0x0000000080000000, 0x0000000100000000)
  region size 1024K, 32 young (32768K), 5 survivors (5120K)
 Metaspace       used 64409K, committed 65088K, reserved 491520K
  class space    used 9155K, committed 9472K, reserved 425984K
}
Event: 25.319 GC heap after
{Heap after GC invocations=29 (full 0):
 garbage-first heap   total 114688K, used 66344K [0x0000000080000000, 0x0000000100000000)
  region size 1024K, 3 young (3072K), 3 survivors (3072K)
 Metaspace       used 64409K, committed 65088K, reserved 491520K
  class space    used 9155K, committed 9472K, reserved 425984K
}
Event: 25.634 GC heap before
{Heap before GC invocations=29 (full 0):
 garbage-first heap   total 114688K, used 77608K [0x0000000080000000, 0x0000000100000000)
  region size 1024K, 15 young (15360K), 3 survivors (3072K)
 Metaspace       used 64536K, committed 65216K, reserved 491520K
  class space    used 9163K, committed 9472K, reserved 425984K
}
Event: 25.642 GC heap after
{Heap after GC invocations=30 (full 0):
 garbage-first heap   total 114688K, used 67122K [0x0000000080000000, 0x0000000100000000)
  region size 1024K, 1 young (1024K), 1 survivors (1024K)
 Metaspace       used 64536K, committed 65216K, reserved 491520K
  class space    used 9163K, committed 9472K, reserved 425984K
}
Event: 26.197 GC heap before
{Heap before GC invocations=31 (full 0):
 garbage-first heap   total 130048K, used 99890K [0x0000000080000000, 0x0000000100000000)
  region size 1024K, 29 young (29696K), 1 survivors (1024K)
 Metaspace       used 66003K, committed 66688K, reserved 491520K
  class space    used 9348K, committed 9664K, reserved 425984K
}
Event: 26.202 GC heap after
{Heap after GC invocations=32 (full 0):
 garbage-first heap   total 130048K, used 78264K [0x0000000080000000, 0x0000000100000000)
  region size 1024K, 4 young (4096K), 4 survivors (4096K)
 Metaspace       used 66003K, committed 66688K, reserved 491520K
  class space    used 9348K, committed 9664K, reserved 425984K
}

