# JRE version: OpenJDK Runtime Environment OpenLogic-OpenJDK (17.0.9+9) (build 17.0.9+9-adhoc..jdk17u)
# Java VM: OpenJDK 64-Bit Server VM OpenLogic-OpenJDK (17.0.9+9-adhoc..jdk17u, mixed mode, sharing, tiered, compressed oops, compressed class ptrs, g1 gc, windows-amd64)
GC Precious Log:
 CPUs: 4 total, 4 available
 Memory: 8102M
 Large Page Support: Disabled
 NUMA Support: Disabled
 Compressed Oops: Enabled (32-bit)
 Heap Region Size: 1M
 Heap Min Capacity: 8M
 Heap Initial Capacity: 128M
 Heap Max Capacity: 2G
 Pre-touch: Disabled
 Parallel Workers: 4
 Concurrent Workers: 1
 Concurrent Refinement Workers: 4
 Periodic GC: Disabled
Heap:
 garbage-first heap   total 464896K, used 270741K [0x0000000080000000, 0x0000000100000000)
  region size 1024K, 24 young (24576K), 5 survivors (5120K)
 Metaspace       used 132788K, committed 134016K, reserved 557056K
  class space    used 17353K, committed 17984K, reserved 425984K
GC Heap History (20 events):
Event: 1120.567 GC heap before
{Heap before GC invocations=180 (full 0):
 garbage-first heap   total 287744K, used 246575K [0x0000000080000000, 0x0000000100000000)
  region size 1024K, 14 young (14336K), 4 survivors (4096K)
 Metaspace       used 125802K, committed 127040K, reserved 557056K
  class space    used 16745K, committed 17408K, reserved 425984K
}
Event: 1120.583 GC heap after
{Heap after GC invocations=181 (full 0):
 garbage-first heap   total 287744K, used 241558K [0x0000000080000000, 0x0000000100000000)
  region size 1024K, 2 young (2048K), 2 survivors (2048K)
 Metaspace       used 125802K, committed 127040K, reserved 557056K
  class space    used 16745K, committed 17408K, reserved 425984K
}
Event: 1123.762 GC heap before
{Heap before GC invocations=181 (full 0):
 garbage-first heap   total 287744K, used 252822K [0x0000000080000000, 0x0000000100000000)
  region size 1024K, 14 young (14336K), 2 survivors (2048K)
 Metaspace       used 125981K, committed 127232K, reserved 557056K
  class space    used 16755K, committed 17408K, reserved 425984K
}
Event: 1123.769 GC heap after
{Heap after GC invocations=182 (full 0):
 garbage-first heap   total 287744K, used 244003K [0x0000000080000000, 0x0000000100000000)
  region size 1024K, 2 young (2048K), 2 survivors (2048K)
 Metaspace       used 125981K, committed 127232K, reserved 557056K
  class space    used 16755K, committed 17408K, reserved 425984K
}
Event: 1125.739 GC heap before
{Heap before GC invocations=182 (full 0):
 garbage-first heap   total 287744K, used 254243K [0x0000000080000000, 0x0000000100000000)
  region size 1024K, 10 young (10240K), 2 survivors (2048K)
 Metaspace       used 126099K, committed 127360K, reserved 557056K
  class space    used 16761K, committed 17408K, reserved 425984K
}
Event: 1125.753 GC heap after
{Heap after GC invocations=183 (full 0):
 garbage-first heap   total 287744K, used 247038K [0x0000000080000000, 0x0000000100000000)
  region size 1024K, 2 young (2048K), 2 survivors (2048K)
 Metaspace       used 126099K, committed 127360K, reserved 557056K
  class space    used 16761K, committed 17408K, reserved 425984K
}
Event: 1127.537 GC heap before
{Heap before GC invocations=183 (full 0):
 garbage-first heap   total 287744K, used 263422K [0x0000000080000000, 0x0000000100000000)
  region size 1024K, 14 young (14336K), 2 survivors (2048K)
 Metaspace       used 126170K, committed 127424K, reserved 557056K
  class space    used 16765K, committed 17408K, reserved 425984K
}
Event: 1127.551 GC heap after
{Heap after GC invocations=184 (full 0):
 garbage-first heap   total 287744K, used 247148K [0x0000000080000000, 0x0000000100000000)
  region size 1024K, 2 young (2048K), 2 survivors (2048K)
 Metaspace       used 126170K, committed 127424K, reserved 557056K
  class space    used 16765K, committed 17408K, reserved 425984K
}
Event: 1129.324 GC heap before
{Heap before GC invocations=184 (full 0):
 garbage-first heap   total 287744K, used 258412K [0x0000000080000000, 0x0000000100000000)
  region size 1024K, 14 young (14336K), 2 survivors (2048K)
 Metaspace       used 126221K, committed 127488K, reserved 557056K
  class space    used 16770K, committed 17408K, reserved 425984K
}
Event: 1129.333 GC heap after
{Heap after GC invocations=185 (full 0):
 garbage-first heap   total 287744K, used 248603K [0x0000000080000000, 0x0000000100000000)
  region size 1024K, 2 young (2048K), 2 survivors (2048K)
 Metaspace       used 126221K, committed 127488K, reserved 557056K
  class space    used 16770K, committed 17408K, reserved 425984K
}
Event: 1130.142 GC heap before
{Heap before GC invocations=185 (full 0):
 garbage-first heap   total 287744K, used 259867K [0x0000000080000000, 0x0000000100000000)
  region size 1024K, 14 young (14336K), 2 survivors (2048K)
 Metaspace       used 126236K, committed 127488K, reserved 557056K
  class space    used 16770K, committed 17408K, reserved 425984K
}
Event: 1130.154 GC heap after
{Heap after GC invocations=186 (full 0):
 garbage-first heap   total 287744K, used 253836K [0x0000000080000000, 0x0000000100000000)
  region size 1024K, 2 young (2048K), 2 survivors (2048K)
 Metaspace       used 126236K, committed 127488K, reserved 557056K
  class space    used 16770K, committed 17408K, reserved 425984K
}
Event: 1131.197 GC heap before
{Heap before GC invocations=186 (full 0):
 garbage-first heap   total 464896K, used 281484K [0x0000000080000000, 0x0000000100000000)
  region size 1024K, 14 young (14336K), 2 survivors (2048K)
 Metaspace       used 126318K, committed 127808K, reserved 557056K
  class space    used 16742K, committed 17408K, reserved 425984K
}
Event: 1131.206 GC heap after
{Heap after GC invocations=187 (full 0):
 garbage-first heap   total 464896K, used 254301K [0x0000000080000000, 0x0000000100000000)
  region size 1024K, 2 young (2048K), 2 survivors (2048K)
 Metaspace       used 126318K, committed 127808K, reserved 557056K
  class space    used 16742K, committed 17408K, reserved 425984K
}
Event: 1137.727 GC heap before
{Heap before GC invocations=188 (full 0):
 garbage-first heap   total 464896K, used 364893K [0x0000000080000000, 0x0000000100000000)
  region size 1024K, 111 young (113664K), 2 survivors (2048K)
 Metaspace       used 129999K, committed 131200K, reserved 557056K
  class space    used 17043K, committed 17664K, reserved 425984K
}
Event: 1137.744 GC heap after
{Heap after GC invocations=189 (full 0):
 garbage-first heap   total 464896K, used 259641K [0x0000000080000000, 0x0000000100000000)
  region size 1024K, 7 young (7168K), 7 survivors (7168K)
 Metaspace       used 129999K, committed 131200K, reserved 557056K
  class space    used 17043K, committed 17664K, reserved 425984K
}
Event: 1138.293 GC heap before
{Heap before GC invocations=189 (full 0):
 garbage-first heap   total 464896K, used 275001K [0x0000000080000000, 0x0000000100000000)
  region size 1024K, 22 young (22528K), 7 survivors (7168K)
 Metaspace       used 130015K, committed 131200K, reserved 557056K
  class space    used 17043K, committed 17664K, reserved 425984K
}
Event: 1138.305 GC heap after
{Heap after GC invocations=190 (full 0):
 garbage-first heap   total 464896K, used 248376K [0x0000000080000000, 0x0000000100000000)
  region size 1024K, 1 young (1024K), 1 survivors (1024K)
 Metaspace       used 130015K, committed 131200K, reserved 557056K
  class space    used 17043K, committed 17664K, reserved 425984K
}
Event: 1146.386 GC heap before
{Heap before GC invocations=190 (full 0):
 garbage-first heap   total 464896K, used 375352K [0x0000000080000000, 0x0000000100000000)
  region size 1024K, 114 young (116736K), 1 survivors (1024K)
 Metaspace       used 132624K, committed 133824K, reserved 557056K
  class space    used 17338K, committed 17920K, reserved 425984K
}
Event: 1146.400 GC heap after
{Heap after GC invocations=191 (full 0):
 garbage-first heap   total 464896K, used 252309K [0x0000000080000000, 0x0000000100000000)
  region size 1024K, 5 young (5120K), 5 survivors (5120K)
 Metaspace       used 132624K, committed 133824K, reserved 557056K
  class space    used 17338K, committed 17920K, reserved 425984K
}

